{"MachineName":"N3IM1703.D03.arc.local","Data":"","Index":597,"CategoryNumber":12292,"EventID":5058,"EntryType":8,"Source":"Microsoft-Windows-Security-Auditing","ReplacementStrings":["S-1-5-21-1482476501-113007714-839522115-13768","admin-ea","D03","0x4a3e7d","8656","2021-04-22T09:18:20.958953800Z","Microsoft Software Key Storage Provider","UNKNOWN","Microsoft Connected Devices Platform device certificate","%%2500","C:\\Users\\admin-ea\\AppData\\Roaming\\Microsoft\\Crypto\\Keys\\de7cf8a7901d2ad13e5c67c29e5d1662_ccbe96bb-675a-4a22-b29c-5213a99e5b4f","%%2458","0x0"],"InstanceId":5058,"TimeGenerated":"2021-04-22T11:18:22+02:00","TimeWritten":"2021-04-22T11:18:22+02:00","UserName":null,"Site":null,"Container":null}
{"MachineName":"N3IM1703.D03.arc.local","Data":"","Index":1956,"CategoryNumber":12554,"EventID":4627,"EntryType":8,"Source":"Microsoft-Windows-Security-Auditing","ReplacementStrings":["S-1-5-18","N3IM1703$","D03","0x3e7","S-1-5-18","SYSTEM","NT-AUTORITT","0x3e7","5","1","1","\r\n\t\t%S-1-5-32-544\r\n\t\t%S-1-1-0\r\n\t\t%S-1-5-11\r\n\t\t%S-1-16-16384"],"InstanceId":4627,"TimeGenerated":"2021-04-28T09:59:47+02:00","TimeWritten":"2021-04-28T09:59:47+02:00","UserName":null,"Site":null,"Container":null}
{"MachineName":"N3IM1703.D03.arc.local","Data":"","Index":1956,"CategoryNumber":12554,"EventID":4627,"EntryType":8,"Source":"Microsoft-Windows-Security-Auditing","ReplacementStrings":["S-1-5-18","N3IM1703$","D03","0x3e7","S-1-5-18","SYSTEM","NT-AUTORITT","0x3e7","5","1","1","%S-1-5-32-544%S-1-1-0%S-1-5-11%S-1-16-16384"],"InstanceId":4627,"TimeGenerated":"2021-04-28T09:59:47+02:00","TimeWritten":"2021-04-28T09:59:47+02:00","UserName":null,"Site":null,"Container":null}
